<?xml version="1.0" encoding="UTF-8"?>
<!-- Generated by org.testng.reporters.JUnitXMLReporter -->
<testsuite ignored="0" hostname="DESKTOP-E2JOFU2" failures="0" tests="7" name="Test" time="0.233" errors="0" timestamp="2024-11-13T18:18:04 IST">
  <testcase classname="Pac1.ContactTest" name="areg" time="0.018"/>
  <testcase classname="Pac1.ContactTest" name="asmoke" time="0.01"/>
  <testcase classname="Pac1.ContactTest" name="breg" time="0.01"/>
  <testcase classname="Pac1.ContactTest" name="bsmoke" time="0.01"/>
  <testcase classname="Pac2.OrgTest" name="creg" time="0.005"/>
  <testcase classname="Pac2.OrgTest" name="csmoke" time="0.008"/>
  <testcase classname="Pac2.OrgTest" name="dsmoke" time="0.002"/>
</testsuite> <!-- Test -->
